Build started 4/30/2016 4:08:54 PM.
     1>Project "C:\Users\Devaux Matthieu\Desktop\photo\photo\photo.vcxproj" on node 2 (Build target(s)).
     1>ClCompile:
         C:\Program Files (x86)\Microsoft Visual Studio 12.0\VC\bin\CL.exe /c /ZI /nologo /W3 /WX- /Od /Oy- /D WIN32 /D _DEBUG /D _WINDOWS /D _UNICODE /D UNICODE /Gm /EHsc /RTC1 /MDd /GS /fp:precise /Zc:wchar_t /Zc:forScope /Fo"Debug\\" /Fd"Debug\vc120.pdb" /Gd /TP /analyze- /errorReport:prompt photo.cpp
         photo.cpp
     1>c:\users\devaux matthieu\desktop\photo\photo\pointc.h(10): warning C4244: 'return' : conversion from 'double' to 'float', possible loss of data
     1>c:\users\devaux matthieu\desktop\photo\photo\pointc.h(22): warning C4244: 'return' : conversion from 'double' to 'float', possible loss of data
     1>c:\users\devaux matthieu\desktop\photo\photo\icosahedron.h(6): warning C4305: 'argument' : truncation from 'double' to 'float'
     1>c:\users\devaux matthieu\desktop\photo\photo\icosahedron.h(7): warning C4305: 'argument' : truncation from 'double' to 'float'
     1>c:\users\devaux matthieu\desktop\photo\photo\icosahedron.h(8): warning C4305: 'argument' : truncation from 'double' to 'float'
     1>c:\users\devaux matthieu\desktop\photo\photo\icosahedron.h(9): warning C4305: 'argument' : truncation from 'double' to 'float'
     1>c:\users\devaux matthieu\desktop\photo\photo\icosahedron.h(10): warning C4305: 'argument' : truncation from 'double' to 'float'
     1>c:\users\devaux matthieu\desktop\photo\photo\icosahedron.h(11): warning C4305: 'argument' : truncation from 'double' to 'float'
     1>c:\users\devaux matthieu\desktop\photo\photo\icosahedron.h(12): warning C4305: 'argument' : truncation from 'double' to 'float'
     1>c:\users\devaux matthieu\desktop\photo\photo\icosahedron.h(13): warning C4305: 'argument' : truncation from 'double' to 'float'
     1>c:\users\devaux matthieu\desktop\photo\photo\icosahedron.h(14): warning C4305: 'argument' : truncation from 'double' to 'float'
     1>c:\users\devaux matthieu\desktop\photo\photo\icosahedron.h(15): warning C4305: 'argument' : truncation from 'double' to 'float'
     1>c:\users\devaux matthieu\desktop\photo\photo\icosahedron.h(16): warning C4305: 'argument' : truncation from 'double' to 'float'
     1>c:\users\devaux matthieu\desktop\photo\photo\icosahedron.h(17): warning C4305: 'argument' : truncation from 'double' to 'float'
     1>c:\users\devaux matthieu\desktop\photo\photo\icosahedron.h(18): warning C4305: 'argument' : truncation from 'double' to 'float'
     1>c:\users\devaux matthieu\desktop\photo\photo\icosahedron.h(19): warning C4305: 'argument' : truncation from 'double' to 'float'
     1>c:\users\devaux matthieu\desktop\photo\photo\icosahedron.h(20): warning C4305: 'argument' : truncation from 'double' to 'float'
     1>c:\users\devaux matthieu\desktop\photo\photo\icosahedron.h(21): warning C4305: 'argument' : truncation from 'double' to 'float'
     1>c:\users\devaux matthieu\desktop\photo\photo\icosahedron.h(22): warning C4305: 'argument' : truncation from 'double' to 'float'
     1>c:\users\devaux matthieu\desktop\photo\photo\icosahedron.h(23): warning C4305: 'argument' : truncation from 'double' to 'float'
     1>c:\users\devaux matthieu\desktop\photo\photo\icosahedron.h(24): warning C4305: 'argument' : truncation from 'double' to 'float'
     1>c:\users\devaux matthieu\desktop\photo\photo\icosahedron.h(25): warning C4305: 'argument' : truncation from 'double' to 'float'
     1>c:\users\devaux matthieu\desktop\photo\photo\icosahedron.h(26): warning C4305: 'argument' : truncation from 'double' to 'float'
     1>c:\users\devaux matthieu\desktop\photo\photo\icosahedron.h(27): warning C4305: 'argument' : truncation from 'double' to 'float'
     1>c:\users\devaux matthieu\desktop\photo\photo\icosahedron.h(28): warning C4305: 'argument' : truncation from 'double' to 'float'
     1>c:\users\devaux matthieu\desktop\photo\photo\icosahedron.h(29): warning C4305: 'argument' : truncation from 'double' to 'float'
     1>c:\users\devaux matthieu\desktop\photo\photo\icosahedron.h(30): warning C4305: 'argument' : truncation from 'double' to 'float'
     1>c:\users\devaux matthieu\desktop\photo\photo\icosahedron.h(31): warning C4305: 'argument' : truncation from 'double' to 'float'
     1>c:\users\devaux matthieu\desktop\photo\photo\icosahedron.h(32): warning C4305: 'argument' : truncation from 'double' to 'float'
     1>c:\users\devaux matthieu\desktop\photo\photo\icosahedron.h(33): warning C4305: 'argument' : truncation from 'double' to 'float'
     1>c:\users\devaux matthieu\desktop\photo\photo\icosahedron.h(34): warning C4305: 'argument' : truncation from 'double' to 'float'
     1>c:\users\devaux matthieu\desktop\photo\photo\icosahedron.h(35): warning C4305: 'argument' : truncation from 'double' to 'float'
     1>c:\users\devaux matthieu\desktop\photo\photo\icosahedron.h(36): warning C4305: 'argument' : truncation from 'double' to 'float'
     1>c:\users\devaux matthieu\desktop\photo\photo\icosahedron.h(37): warning C4305: 'argument' : truncation from 'double' to 'float'
     1>c:\users\devaux matthieu\desktop\photo\photo\icosahedron.h(38): warning C4305: 'argument' : truncation from 'double' to 'float'
     1>c:\users\devaux matthieu\desktop\photo\photo\icosahedron.h(39): warning C4305: 'argument' : truncation from 'double' to 'float'
     1>c:\users\devaux matthieu\desktop\photo\photo\icosahedron.h(40): warning C4305: 'argument' : truncation from 'double' to 'float'
     1>c:\users\devaux matthieu\desktop\photo\photo\icosahedron.h(41): warning C4305: 'argument' : truncation from 'double' to 'float'
     1>c:\users\devaux matthieu\desktop\photo\photo\icosahedron.h(42): warning C4305: 'argument' : truncation from 'double' to 'float'
     1>c:\users\devaux matthieu\desktop\photo\photo\icosahedron.h(43): warning C4305: 'argument' : truncation from 'double' to 'float'
     1>c:\users\devaux matthieu\desktop\photo\photo\icosahedron.h(44): warning C4305: 'argument' : truncation from 'double' to 'float'
     1>c:\users\devaux matthieu\desktop\photo\photo\icosahedron.h(45): warning C4305: 'argument' : truncation from 'double' to 'float'
     1>c:\users\devaux matthieu\desktop\photo\photo\icosahedron.h(46): warning C4305: 'argument' : truncation from 'double' to 'float'
     1>c:\users\devaux matthieu\desktop\photo\photo\icosahedron.h(47): warning C4305: 'argument' : truncation from 'double' to 'float'
     1>c:\users\devaux matthieu\desktop\photo\photo\icosahedron.h(48): warning C4305: 'argument' : truncation from 'double' to 'float'
     1>c:\users\devaux matthieu\desktop\photo\photo\icosahedron.h(49): warning C4305: 'argument' : truncation from 'double' to 'float'
     1>c:\users\devaux matthieu\desktop\photo\photo\icosahedron.h(50): warning C4305: 'argument' : truncation from 'double' to 'float'
     1>c:\users\devaux matthieu\desktop\photo\photo\icosahedron.h(51): warning C4305: 'argument' : truncation from 'double' to 'float'
     1>c:\users\devaux matthieu\desktop\photo\photo\icosahedron.h(52): warning C4305: 'argument' : truncation from 'double' to 'float'
     1>c:\users\devaux matthieu\desktop\photo\photo\icosahedron.h(53): warning C4305: 'argument' : truncation from 'double' to 'float'
     1>c:\users\devaux matthieu\desktop\photo\photo\icosahedron.h(54): warning C4305: 'argument' : truncation from 'double' to 'float'
     1>c:\users\devaux matthieu\desktop\photo\photo\icosahedron.h(55): warning C4305: 'argument' : truncation from 'double' to 'float'
     1>c:\users\devaux matthieu\desktop\photo\photo\icosahedron.h(56): warning C4305: 'argument' : truncation from 'double' to 'float'
     1>c:\users\devaux matthieu\desktop\photo\photo\icosahedron.h(57): warning C4305: 'argument' : truncation from 'double' to 'float'
     1>c:\users\devaux matthieu\desktop\photo\photo\icosahedron.h(58): warning C4305: 'argument' : truncation from 'double' to 'float'
     1>c:\users\devaux matthieu\desktop\photo\photo\icosahedron.h(59): warning C4305: 'argument' : truncation from 'double' to 'float'
     1>c:\users\devaux matthieu\desktop\photo\photo\icosahedron.h(60): warning C4305: 'argument' : truncation from 'double' to 'float'
     1>c:\users\devaux matthieu\desktop\photo\photo\icosahedron.h(61): warning C4305: 'argument' : truncation from 'double' to 'float'
     1>c:\users\devaux matthieu\desktop\photo\photo\icosahedron.h(62): warning C4305: 'argument' : truncation from 'double' to 'float'
     1>c:\users\devaux matthieu\desktop\photo\photo\icosahedron.h(63): warning C4305: 'argument' : truncation from 'double' to 'float'
     1>c:\users\devaux matthieu\desktop\photo\photo\icosahedron.h(64): warning C4305: 'argument' : truncation from 'double' to 'float'
     1>c:\users\devaux matthieu\desktop\photo\photo\icosahedron.h(65): warning C4305: 'argument' : truncation from 'double' to 'float'
     1>c:\users\devaux matthieu\desktop\photo\photo\icosahedron.h(66): warning C4305: 'argument' : truncation from 'double' to 'float'
     1>c:\users\devaux matthieu\desktop\photo\photo\icosahedron.h(67): warning C4305: 'argument' : truncation from 'double' to 'float'
     1>c:\users\devaux matthieu\desktop\photo\photo\icosahedron.h(68): warning C4305: 'argument' : truncation from 'double' to 'float'
     1>c:\users\devaux matthieu\desktop\photo\photo\icosahedron.h(69): warning C4305: 'argument' : truncation from 'double' to 'float'
     1>c:\users\devaux matthieu\desktop\photo\photo\icosahedron.h(70): warning C4305: 'argument' : truncation from 'double' to 'float'
     1>c:\users\devaux matthieu\desktop\photo\photo\icosahedron.h(71): warning C4305: 'argument' : truncation from 'double' to 'float'
     1>c:\users\devaux matthieu\desktop\photo\photo\icosahedron.h(72): warning C4305: 'argument' : truncation from 'double' to 'float'
     1>c:\users\devaux matthieu\desktop\photo\photo\icosahedron.h(73): warning C4305: 'argument' : truncation from 'double' to 'float'
     1>c:\users\devaux matthieu\desktop\photo\photo\icosahedron.h(74): warning C4305: 'argument' : truncation from 'double' to 'float'
     1>c:\users\devaux matthieu\desktop\photo\photo\icosahedron.h(75): warning C4305: 'argument' : truncation from 'double' to 'float'
     1>c:\users\devaux matthieu\desktop\photo\photo\icosahedron.h(76): warning C4305: 'argument' : truncation from 'double' to 'float'
     1>c:\users\devaux matthieu\desktop\photo\photo\icosahedron.h(77): warning C4305: 'argument' : truncation from 'double' to 'float'
     1>c:\users\devaux matthieu\desktop\photo\photo\icosahedron.h(78): warning C4305: 'argument' : truncation from 'double' to 'float'
     1>c:\users\devaux matthieu\desktop\photo\photo\icosahedron.h(79): warning C4305: 'argument' : truncation from 'double' to 'float'
     1>c:\users\devaux matthieu\desktop\photo\photo\icosahedron.h(80): warning C4305: 'argument' : truncation from 'double' to 'float'
     1>c:\users\devaux matthieu\desktop\photo\photo\icosahedron.h(81): warning C4305: 'argument' : truncation from 'double' to 'float'
     1>c:\users\devaux matthieu\desktop\photo\photo\icosahedron.h(82): warning C4305: 'argument' : truncation from 'double' to 'float'
     1>c:\users\devaux matthieu\desktop\photo\photo\icosahedron.h(83): warning C4305: 'argument' : truncation from 'double' to 'float'
     1>c:\users\devaux matthieu\desktop\photo\photo\icosahedron.h(84): warning C4305: 'argument' : truncation from 'double' to 'float'
     1>c:\users\devaux matthieu\desktop\photo\photo\icosahedron.h(85): warning C4305: 'argument' : truncation from 'double' to 'float'
     1>c:\users\devaux matthieu\desktop\photo\photo\icosahedron.h(86): warning C4305: 'argument' : truncation from 'double' to 'float'
     1>c:\users\devaux matthieu\desktop\photo\photo\icosahedron.h(87): warning C4305: 'argument' : truncation from 'double' to 'float'
     1>c:\users\devaux matthieu\desktop\photo\photo\icosahedron.h(88): warning C4305: 'argument' : truncation from 'double' to 'float'
     1>c:\users\devaux matthieu\desktop\photo\photo\icosahedron.h(89): warning C4305: 'argument' : truncation from 'double' to 'float'
     1>c:\users\devaux matthieu\desktop\photo\photo\icosahedron.h(90): warning C4305: 'argument' : truncation from 'double' to 'float'
     1>c:\users\devaux matthieu\desktop\photo\photo\icosahedron.h(91): warning C4305: 'argument' : truncation from 'double' to 'float'
     1>c:\users\devaux matthieu\desktop\photo\photo\icosahedron.h(92): warning C4305: 'argument' : truncation from 'double' to 'float'
     1>c:\users\devaux matthieu\desktop\photo\photo\icosahedron.h(93): warning C4305: 'argument' : truncation from 'double' to 'float'
     1>c:\users\devaux matthieu\desktop\photo\photo\icosahedron.h(94): warning C4305: 'argument' : truncation from 'double' to 'float'
     1>c:\users\devaux matthieu\desktop\photo\photo\icosahedron.h(95): warning C4305: 'argument' : truncation from 'double' to 'float'
     1>c:\users\devaux matthieu\desktop\photo\photo\icosahedron.h(96): warning C4305: 'argument' : truncation from 'double' to 'float'
     1>c:\users\devaux matthieu\desktop\photo\photo\icosahedron.h(97): warning C4305: 'argument' : truncation from 'double' to 'float'
     1>c:\users\devaux matthieu\desktop\photo\photo\icosahedron.h(98): warning C4305: 'argument' : truncation from 'double' to 'float'
     1>c:\users\devaux matthieu\desktop\photo\photo\icosahedron.h(99): warning C4305: 'argument' : truncation from 'double' to 'float'
     1>c:\users\devaux matthieu\desktop\photo\photo\icosahedron.h(100): warning C4305: 'argument' : truncation from 'double' to 'float'
     1>c:\users\devaux matthieu\desktop\photo\photo\icosahedron.h(101): warning C4305: 'argument' : truncation from 'double' to 'float'
     1>c:\users\devaux matthieu\desktop\photo\photo\icosahedron.h(102): warning C4305: 'argument' : truncation from 'double' to 'float'
     1>c:\users\devaux matthieu\desktop\photo\photo\icosahedron.h(103): warning C4305: 'argument' : truncation from 'double' to 'float'
     1>c:\users\devaux matthieu\desktop\photo\photo\icosahedron.h(104): warning C4305: 'argument' : truncation from 'double' to 'float'
     1>c:\users\devaux matthieu\desktop\photo\photo\icosahedron.h(105): warning C4305: 'argument' : truncation from 'double' to 'float'
     1>c:\users\devaux matthieu\desktop\photo\photo\icosahedron.h(106): warning C4305: 'argument' : truncation from 'double' to 'float'
     1>c:\users\devaux matthieu\desktop\photo\photo\icosahedron.h(107): warning C4305: 'argument' : truncation from 'double' to 'float'
     1>c:\users\devaux matthieu\desktop\photo\photo\icosahedron.h(108): warning C4305: 'argument' : truncation from 'double' to 'float'
     1>c:\users\devaux matthieu\desktop\photo\photo\icosahedron.h(109): warning C4305: 'argument' : truncation from 'double' to 'float'
     1>c:\users\devaux matthieu\desktop\photo\photo\icosahedron.h(110): warning C4305: 'argument' : truncation from 'double' to 'float'
     1>c:\users\devaux matthieu\desktop\photo\photo\icosahedron.h(111): warning C4305: 'argument' : truncation from 'double' to 'float'
     1>c:\users\devaux matthieu\desktop\photo\photo\icosahedron.h(112): warning C4305: 'argument' : truncation from 'double' to 'float'
     1>c:\users\devaux matthieu\desktop\photo\photo\icosahedron.h(113): warning C4305: 'argument' : truncation from 'double' to 'float'
     1>c:\users\devaux matthieu\desktop\photo\photo\icosahedron.h(114): warning C4305: 'argument' : truncation from 'double' to 'float'
     1>c:\users\devaux matthieu\desktop\photo\photo\icosahedron.h(115): warning C4305: 'argument' : truncation from 'double' to 'float'
     1>c:\users\devaux matthieu\desktop\photo\photo\icosahedron.h(116): warning C4305: 'argument' : truncation from 'double' to 'float'
     1>c:\users\devaux matthieu\desktop\photo\photo\icosahedron.h(117): warning C4305: 'argument' : truncation from 'double' to 'float'
     1>c:\users\devaux matthieu\desktop\photo\photo\icosahedron.h(118): warning C4305: 'argument' : truncation from 'double' to 'float'
     1>c:\users\devaux matthieu\desktop\photo\photo\icosahedron.h(119): warning C4305: 'argument' : truncation from 'double' to 'float'
     1>c:\users\devaux matthieu\desktop\photo\photo\icosahedron.h(120): warning C4305: 'argument' : truncation from 'double' to 'float'
     1>c:\users\devaux matthieu\desktop\photo\photo\icosahedron.h(121): warning C4305: 'argument' : truncation from 'double' to 'float'
     1>c:\users\devaux matthieu\desktop\photo\photo\icosahedron.h(122): warning C4305: 'argument' : truncation from 'double' to 'float'
     1>c:\users\devaux matthieu\desktop\photo\photo\icosahedron.h(123): warning C4305: 'argument' : truncation from 'double' to 'float'
     1>c:\users\devaux matthieu\desktop\photo\photo\icosahedron.h(124): warning C4305: 'argument' : truncation from 'double' to 'float'
     1>c:\users\devaux matthieu\desktop\photo\photo\icosahedron.h(125): warning C4305: 'argument' : truncation from 'double' to 'float'
     1>c:\users\devaux matthieu\desktop\photo\photo\icosahedron.h(126): warning C4305: 'argument' : truncation from 'double' to 'float'
     1>c:\users\devaux matthieu\desktop\photo\photo\icosahedron.h(127): warning C4305: 'argument' : truncation from 'double' to 'float'
     1>c:\users\devaux matthieu\desktop\photo\photo\icosahedron.h(128): warning C4305: 'argument' : truncation from 'double' to 'float'
     1>c:\users\devaux matthieu\desktop\photo\photo\icosahedron.h(129): warning C4305: 'argument' : truncation from 'double' to 'float'
     1>c:\users\devaux matthieu\desktop\photo\photo\icosahedron.h(130): warning C4305: 'argument' : truncation from 'double' to 'float'
     1>c:\users\devaux matthieu\desktop\photo\photo\icosahedron.h(131): warning C4305: 'argument' : truncation from 'double' to 'float'
     1>c:\users\devaux matthieu\desktop\photo\photo\icosahedron.h(132): warning C4305: 'argument' : truncation from 'double' to 'float'
     1>c:\users\devaux matthieu\desktop\photo\photo\icosahedron.h(133): warning C4305: 'argument' : truncation from 'double' to 'float'
     1>c:\users\devaux matthieu\desktop\photo\photo\icosahedron.h(134): warning C4305: 'argument' : truncation from 'double' to 'float'
     1>c:\users\devaux matthieu\desktop\photo\photo\icosahedron.h(135): warning C4305: 'argument' : truncation from 'double' to 'float'
     1>c:\users\devaux matthieu\desktop\photo\photo\icosahedron.h(136): warning C4305: 'argument' : truncation from 'double' to 'float'
     1>c:\users\devaux matthieu\desktop\photo\photo\icosahedron.h(137): warning C4305: 'argument' : truncation from 'double' to 'float'
     1>c:\users\devaux matthieu\desktop\photo\photo\icosahedron.h(138): warning C4305: 'argument' : truncation from 'double' to 'float'
     1>c:\users\devaux matthieu\desktop\photo\photo\icosahedron.h(139): warning C4305: 'argument' : truncation from 'double' to 'float'
     1>c:\users\devaux matthieu\desktop\photo\photo\icosahedron.h(140): warning C4305: 'argument' : truncation from 'double' to 'float'
     1>c:\users\devaux matthieu\desktop\photo\photo\icosahedron.h(141): warning C4305: 'argument' : truncation from 'double' to 'float'
     1>c:\users\devaux matthieu\desktop\photo\photo\icosahedron.h(142): warning C4305: 'argument' : truncation from 'double' to 'float'
     1>c:\users\devaux matthieu\desktop\photo\photo\icosahedron.h(143): warning C4305: 'argument' : truncation from 'double' to 'float'
     1>c:\users\devaux matthieu\desktop\photo\photo\icosahedron.h(144): warning C4305: 'argument' : truncation from 'double' to 'float'
     1>c:\users\devaux matthieu\desktop\photo\photo\icosahedron.h(145): warning C4305: 'argument' : truncation from 'double' to 'float'
     1>c:\users\devaux matthieu\desktop\photo\photo\icosahedron.h(146): warning C4305: 'argument' : truncation from 'double' to 'float'
     1>c:\users\devaux matthieu\desktop\photo\photo\icosahedron.h(147): warning C4305: 'argument' : truncation from 'double' to 'float'
     1>c:\users\devaux matthieu\desktop\photo\photo\icosahedron.h(148): warning C4305: 'argument' : truncation from 'double' to 'float'
     1>c:\users\devaux matthieu\desktop\photo\photo\icosahedron.h(149): warning C4305: 'argument' : truncation from 'double' to 'float'
     1>c:\users\devaux matthieu\desktop\photo\photo\icosahedron.h(150): warning C4305: 'argument' : truncation from 'double' to 'float'
     1>c:\users\devaux matthieu\desktop\photo\photo\icosahedron.h(151): warning C4305: 'argument' : truncation from 'double' to 'float'
     1>c:\users\devaux matthieu\desktop\photo\photo\icosahedron.h(152): warning C4305: 'argument' : truncation from 'double' to 'float'
     1>c:\users\devaux matthieu\desktop\photo\photo\icosahedron.h(153): warning C4305: 'argument' : truncation from 'double' to 'float'
     1>c:\users\devaux matthieu\desktop\photo\photo\icosahedron.h(154): warning C4305: 'argument' : truncation from 'double' to 'float'
     1>c:\users\devaux matthieu\desktop\photo\photo\icosahedron.h(155): warning C4305: 'argument' : truncation from 'double' to 'float'
     1>c:\users\devaux matthieu\desktop\photo\photo\icosahedron.h(156): warning C4305: 'argument' : truncation from 'double' to 'float'
     1>c:\users\devaux matthieu\desktop\photo\photo\icosahedron.h(157): warning C4305: 'argument' : truncation from 'double' to 'float'
     1>c:\users\devaux matthieu\desktop\photo\photo\icosahedron.h(158): warning C4305: 'argument' : truncation from 'double' to 'float'
     1>c:\users\devaux matthieu\desktop\photo\photo\icosahedron.h(159): warning C4305: 'argument' : truncation from 'double' to 'float'
     1>c:\users\devaux matthieu\desktop\photo\photo\icosahedron.h(160): warning C4305: 'argument' : truncation from 'double' to 'float'
     1>c:\users\devaux matthieu\desktop\photo\photo\icosahedron.h(161): warning C4305: 'argument' : truncation from 'double' to 'float'
     1>c:\users\devaux matthieu\desktop\photo\photo\icosahedron.h(162): warning C4305: 'argument' : truncation from 'double' to 'float'
     1>c:\users\devaux matthieu\desktop\photo\photo\icosahedron.h(163): warning C4305: 'argument' : truncation from 'double' to 'float'
     1>c:\users\devaux matthieu\desktop\photo\photo\icosahedron.h(164): warning C4305: 'argument' : truncation from 'double' to 'float'
     1>c:\users\devaux matthieu\desktop\photo\photo\icosahedron.h(165): warning C4305: 'argument' : truncation from 'double' to 'float'
     1>c:\users\devaux matthieu\desktop\photo\photo\icosahedron.h(166): warning C4305: 'argument' : truncation from 'double' to 'float'
     1>c:\users\devaux matthieu\desktop\photo\photo\icosahedron.h(167): warning C4305: 'argument' : truncation from 'double' to 'float'
     1>c:\users\devaux matthieu\desktop\photo\photo\icosahedron.h(168): warning C4305: 'argument' : truncation from 'double' to 'float'
     1>c:\users\devaux matthieu\desktop\photo\photo\icosahedron.h(169): warning C4305: 'argument' : truncation from 'double' to 'float'
     1>c:\users\devaux matthieu\desktop\photo\photo\icosahedron.h(170): warning C4305: 'argument' : truncation from 'double' to 'float'
     1>c:\users\devaux matthieu\desktop\photo\photo\icosahedron.h(171): warning C4305: 'argument' : truncation from 'double' to 'float'
     1>c:\users\devaux matthieu\desktop\photo\photo\icosahedron.h(172): warning C4305: 'argument' : truncation from 'double' to 'float'
     1>c:\users\devaux matthieu\desktop\photo\photo\icosahedron.h(173): warning C4305: 'argument' : truncation from 'double' to 'float'
     1>c:\users\devaux matthieu\desktop\photo\photo\icosahedron.h(174): warning C4305: 'argument' : truncation from 'double' to 'float'
     1>c:\users\devaux matthieu\desktop\photo\photo\icosahedron.h(175): warning C4305: 'argument' : truncation from 'double' to 'float'
     1>c:\users\devaux matthieu\desktop\photo\photo\icosahedron.h(176): warning C4305: 'argument' : truncation from 'double' to 'float'
     1>c:\users\devaux matthieu\desktop\photo\photo\icosahedron.h(177): warning C4305: 'argument' : truncation from 'double' to 'float'
     1>c:\users\devaux matthieu\desktop\photo\photo\icosahedron.h(178): warning C4305: 'argument' : truncation from 'double' to 'float'
     1>c:\users\devaux matthieu\desktop\photo\photo\icosahedron.h(179): warning C4305: 'argument' : truncation from 'double' to 'float'
     1>c:\users\devaux matthieu\desktop\photo\photo\icosahedron.h(180): warning C4305: 'argument' : truncation from 'double' to 'float'
     1>c:\users\devaux matthieu\desktop\photo\photo\icosahedron.h(181): warning C4305: 'argument' : truncation from 'double' to 'float'
     1>c:\users\devaux matthieu\desktop\photo\photo\icosahedron.h(182): warning C4305: 'argument' : truncation from 'double' to 'float'
     1>c:\users\devaux matthieu\desktop\photo\photo\icosahedron.h(183): warning C4305: 'argument' : truncation from 'double' to 'float'
     1>c:\users\devaux matthieu\desktop\photo\photo\icosahedron.h(184): warning C4305: 'argument' : truncation from 'double' to 'float'
     1>c:\users\devaux matthieu\desktop\photo\photo\icosahedron.h(185): warning C4305: 'argument' : truncation from 'double' to 'float'
     1>c:\users\devaux matthieu\desktop\photo\photo\icosahedron.h(186): warning C4305: 'argument' : truncation from 'double' to 'float'
     1>c:\users\devaux matthieu\desktop\photo\photo\icosahedron.h(187): warning C4305: 'argument' : truncation from 'double' to 'float'
     1>c:\users\devaux matthieu\desktop\photo\photo\icosahedron.h(188): warning C4305: 'argument' : truncation from 'double' to 'float'
     1>c:\users\devaux matthieu\desktop\photo\photo\icosahedron.h(189): warning C4305: 'argument' : truncation from 'double' to 'float'
     1>c:\users\devaux matthieu\desktop\photo\photo\icosahedron.h(190): warning C4305: 'argument' : truncation from 'double' to 'float'
     1>c:\users\devaux matthieu\desktop\photo\photo\icosahedron.h(191): warning C4305: 'argument' : truncation from 'double' to 'float'
     1>c:\users\devaux matthieu\desktop\photo\photo\icosahedron.h(192): warning C4305: 'argument' : truncation from 'double' to 'float'
     1>c:\users\devaux matthieu\desktop\photo\photo\icosahedron.h(193): warning C4305: 'argument' : truncation from 'double' to 'float'
     1>c:\users\devaux matthieu\desktop\photo\photo\icosahedron.h(194): warning C4305: 'argument' : truncation from 'double' to 'float'
     1>c:\users\devaux matthieu\desktop\photo\photo\icosahedron.h(195): warning C4305: 'argument' : truncation from 'double' to 'float'
     1>c:\users\devaux matthieu\desktop\photo\photo\icosahedron.h(196): warning C4305: 'argument' : truncation from 'double' to 'float'
     1>c:\users\devaux matthieu\desktop\photo\photo\icosahedron.h(197): warning C4305: 'argument' : truncation from 'double' to 'float'
     1>c:\users\devaux matthieu\desktop\photo\photo\icosahedron.h(198): warning C4305: 'argument' : truncation from 'double' to 'float'
     1>c:\users\devaux matthieu\desktop\photo\photo\icosahedron.h(199): warning C4305: 'argument' : truncation from 'double' to 'float'
     1>c:\users\devaux matthieu\desktop\photo\photo\icosahedron.h(200): warning C4305: 'argument' : truncation from 'double' to 'float'
     1>c:\users\devaux matthieu\desktop\photo\photo\icosahedron.h(201): warning C4305: 'argument' : truncation from 'double' to 'float'
     1>c:\users\devaux matthieu\desktop\photo\photo\icosahedron.h(202): warning C4305: 'argument' : truncation from 'double' to 'float'
     1>c:\users\devaux matthieu\desktop\photo\photo\icosahedron.h(203): warning C4305: 'argument' : truncation from 'double' to 'float'
     1>c:\users\devaux matthieu\desktop\photo\photo\icosahedron.h(204): warning C4305: 'argument' : truncation from 'double' to 'float'
     1>c:\users\devaux matthieu\desktop\photo\photo\icosahedron.h(205): warning C4305: 'argument' : truncation from 'double' to 'float'
     1>c:\users\devaux matthieu\desktop\photo\photo\icosahedron.h(206): warning C4305: 'argument' : truncation from 'double' to 'float'
     1>c:\users\devaux matthieu\desktop\photo\photo\icosahedron.h(207): warning C4305: 'argument' : truncation from 'double' to 'float'
     1>c:\users\devaux matthieu\desktop\photo\photo\icosahedron.h(208): warning C4305: 'argument' : truncation from 'double' to 'float'
     1>c:\users\devaux matthieu\desktop\photo\photo\icosahedron.h(209): warning C4305: 'argument' : truncation from 'double' to 'float'
     1>c:\users\devaux matthieu\desktop\photo\photo\icosahedron.h(210): warning C4305: 'argument' : truncation from 'double' to 'float'
     1>c:\users\devaux matthieu\desktop\photo\photo\icosahedron.h(211): warning C4305: 'argument' : truncation from 'double' to 'float'
     1>c:\users\devaux matthieu\desktop\photo\photo\icosahedron.h(212): warning C4305: 'argument' : truncation from 'double' to 'float'
     1>c:\users\devaux matthieu\desktop\photo\photo\icosahedron.h(213): warning C4305: 'argument' : truncation from 'double' to 'float'
     1>c:\users\devaux matthieu\desktop\photo\photo\icosahedron.h(214): warning C4305: 'argument' : truncation from 'double' to 'float'
     1>c:\users\devaux matthieu\desktop\photo\photo\icosahedron.h(215): warning C4305: 'argument' : truncation from 'double' to 'float'
     1>c:\users\devaux matthieu\desktop\photo\photo\icosahedron.h(216): warning C4305: 'argument' : truncation from 'double' to 'float'
     1>c:\users\devaux matthieu\desktop\photo\photo\icosahedron.h(217): warning C4305: 'argument' : truncation from 'double' to 'float'
     1>c:\users\devaux matthieu\desktop\photo\photo\icosahedron.h(218): warning C4305: 'argument' : truncation from 'double' to 'float'
     1>c:\users\devaux matthieu\desktop\photo\photo\icosahedron.h(219): warning C4305: 'argument' : truncation from 'double' to 'float'
     1>c:\users\devaux matthieu\desktop\photo\photo\icosahedron.h(220): warning C4305: 'argument' : truncation from 'double' to 'float'
     1>c:\users\devaux matthieu\desktop\photo\photo\icosahedron.h(221): warning C4305: 'argument' : truncation from 'double' to 'float'
     1>c:\users\devaux matthieu\desktop\photo\photo\icosahedron.h(222): warning C4305: 'argument' : truncation from 'double' to 'float'
     1>c:\users\devaux matthieu\desktop\photo\photo\icosahedron.h(223): warning C4305: 'argument' : truncation from 'double' to 'float'
     1>c:\users\devaux matthieu\desktop\photo\photo\icosahedron.h(224): warning C4305: 'argument' : truncation from 'double' to 'float'
     1>c:\users\devaux matthieu\desktop\photo\photo\icosahedron.h(225): warning C4305: 'argument' : truncation from 'double' to 'float'
     1>c:\users\devaux matthieu\desktop\photo\photo\icosahedron.h(226): warning C4305: 'argument' : truncation from 'double' to 'float'
     1>c:\users\devaux matthieu\desktop\photo\photo\icosahedron.h(227): warning C4305: 'argument' : truncation from 'double' to 'float'
     1>c:\users\devaux matthieu\desktop\photo\photo\icosahedron.h(228): warning C4305: 'argument' : truncation from 'double' to 'float'
     1>c:\users\devaux matthieu\desktop\photo\photo\icosahedron.h(229): warning C4305: 'argument' : truncation from 'double' to 'float'
     1>c:\users\devaux matthieu\desktop\photo\photo\icosahedron.h(230): warning C4305: 'argument' : truncation from 'double' to 'float'
     1>c:\users\devaux matthieu\desktop\photo\photo\icosahedron.h(231): warning C4305: 'argument' : truncation from 'double' to 'float'
     1>c:\users\devaux matthieu\desktop\photo\photo\icosahedron.h(232): warning C4305: 'argument' : truncation from 'double' to 'float'
     1>c:\users\devaux matthieu\desktop\photo\photo\icosahedron.h(233): warning C4305: 'argument' : truncation from 'double' to 'float'
     1>c:\users\devaux matthieu\desktop\photo\photo\icosahedron.h(234): warning C4305: 'argument' : truncation from 'double' to 'float'
     1>c:\users\devaux matthieu\desktop\photo\photo\icosahedron.h(235): warning C4305: 'argument' : truncation from 'double' to 'float'
     1>c:\users\devaux matthieu\desktop\photo\photo\icosahedron.h(236): warning C4305: 'argument' : truncation from 'double' to 'float'
     1>c:\users\devaux matthieu\desktop\photo\photo\icosahedron.h(237): warning C4305: 'argument' : truncation from 'double' to 'float'
     1>c:\users\devaux matthieu\desktop\photo\photo\icosahedron.h(238): warning C4305: 'argument' : truncation from 'double' to 'float'
     1>c:\users\devaux matthieu\desktop\photo\photo\icosahedron.h(239): warning C4305: 'argument' : truncation from 'double' to 'float'
     1>c:\users\devaux matthieu\desktop\photo\photo\icosahedron.h(240): warning C4305: 'argument' : truncation from 'double' to 'float'
     1>c:\users\devaux matthieu\desktop\photo\photo\icosahedron.h(241): warning C4305: 'argument' : truncation from 'double' to 'float'
     1>c:\users\devaux matthieu\desktop\photo\photo\icosahedron.h(242): warning C4305: 'argument' : truncation from 'double' to 'float'
     1>c:\users\devaux matthieu\desktop\photo\photo\icosahedron.h(244): warning C4305: 'argument' : truncation from 'double' to 'float'
     1>c:\users\devaux matthieu\desktop\photo\photo\icosahedron.h(245): warning C4305: 'argument' : truncation from 'double' to 'float'
     1>c:\users\devaux matthieu\desktop\photo\photo\icosahedron.h(246): warning C4305: 'argument' : truncation from 'double' to 'float'
     1>c:\users\devaux matthieu\desktop\photo\photo\icosahedron.h(247): warning C4305: 'argument' : truncation from 'double' to 'float'
     1>c:\users\devaux matthieu\desktop\photo\photo\icosahedron.h(248): warning C4305: 'argument' : truncation from 'double' to 'float'
     1>c:\users\devaux matthieu\desktop\photo\photo\icosahedron.h(249): warning C4305: 'argument' : truncation from 'double' to 'float'
     1>c:\users\devaux matthieu\desktop\photo\photo\icosahedron.h(250): warning C4305: 'argument' : truncation from 'double' to 'float'
     1>c:\users\devaux matthieu\desktop\photo\photo\icosahedron.h(251): warning C4305: 'argument' : truncation from 'double' to 'float'
     1>c:\users\devaux matthieu\desktop\photo\photo\icosahedron.h(252): warning C4305: 'argument' : truncation from 'double' to 'float'
     1>c:\users\devaux matthieu\desktop\photo\photo\icosahedron.h(253): warning C4305: 'argument' : truncation from 'double' to 'float'
     1>c:\users\devaux matthieu\desktop\photo\photo\icosahedron.h(254): warning C4305: 'argument' : truncation from 'double' to 'float'
     1>c:\users\devaux matthieu\desktop\photo\photo\icosahedron.h(255): warning C4305: 'argument' : truncation from 'double' to 'float'
     1>c:\users\devaux matthieu\desktop\photo\photo\icosahedron.h(256): warning C4305: 'argument' : truncation from 'double' to 'float'
     1>c:\users\devaux matthieu\desktop\photo\photo\icosahedron.h(257): warning C4305: 'argument' : truncation from 'double' to 'float'
     1>c:\users\devaux matthieu\desktop\photo\photo\icosahedron.h(258): warning C4305: 'argument' : truncation from 'double' to 'float'
     1>c:\users\devaux matthieu\desktop\photo\photo\icosahedron.h(259): warning C4305: 'argument' : truncation from 'double' to 'float'
     1>c:\users\devaux matthieu\desktop\photo\photo\icosahedron.h(260): warning C4305: 'argument' : truncation from 'double' to 'float'
     1>c:\users\devaux matthieu\desktop\photo\photo\icosahedron.h(261): warning C4305: 'argument' : truncation from 'double' to 'float'
     1>c:\users\devaux matthieu\desktop\photo\photo\icosahedron.h(262): warning C4305: 'argument' : truncation from 'double' to 'float'
     1>c:\users\devaux matthieu\desktop\photo\photo\icosahedron.h(263): warning C4305: 'argument' : truncation from 'double' to 'float'
     1>c:\users\devaux matthieu\desktop\photo\photo\icosahedron.h(264): warning C4305: 'argument' : truncation from 'double' to 'float'
     1>c:\users\devaux matthieu\desktop\photo\photo\icosahedron.h(265): warning C4305: 'argument' : truncation from 'double' to 'float'
     1>c:\users\devaux matthieu\desktop\photo\photo\icosahedron.h(266): warning C4305: 'argument' : truncation from 'double' to 'float'
     1>c:\users\devaux matthieu\desktop\photo\photo\icosahedron.h(267): warning C4305: 'argument' : truncation from 'double' to 'float'
     1>c:\users\devaux matthieu\desktop\photo\photo\icosahedron.h(268): warning C4305: 'argument' : truncation from 'double' to 'float'
     1>c:\users\devaux matthieu\desktop\photo\photo\icosahedron.h(269): warning C4305: 'argument' : truncation from 'double' to 'float'
     1>c:\users\devaux matthieu\desktop\photo\photo\icosahedron.h(270): warning C4305: 'argument' : truncation from 'double' to 'float'
     1>c:\users\devaux matthieu\desktop\photo\photo\icosahedron.h(271): warning C4305: 'argument' : truncation from 'double' to 'float'
     1>c:\users\devaux matthieu\desktop\photo\photo\icosahedron.h(272): warning C4305: 'argument' : truncation from 'double' to 'float'
     1>c:\users\devaux matthieu\desktop\photo\photo\icosahedron.h(273): warning C4305: 'argument' : truncation from 'double' to 'float'
     1>c:\users\devaux matthieu\desktop\photo\photo\icosahedron.h(274): warning C4305: 'argument' : truncation from 'double' to 'float'
     1>c:\users\devaux matthieu\desktop\photo\photo\icosahedron.h(275): warning C4305: 'argument' : truncation from 'double' to 'float'
     1>c:\users\devaux matthieu\desktop\photo\photo\icosahedron.h(276): warning C4305: 'argument' : truncation from 'double' to 'float'
     1>c:\users\devaux matthieu\desktop\photo\photo\icosahedron.h(277): warning C4305: 'argument' : truncation from 'double' to 'float'
     1>c:\users\devaux matthieu\desktop\photo\photo\icosahedron.h(278): warning C4305: 'argument' : truncation from 'double' to 'float'
     1>c:\users\devaux matthieu\desktop\photo\photo\icosahedron.h(279): warning C4305: 'argument' : truncation from 'double' to 'float'
     1>c:\users\devaux matthieu\desktop\photo\photo\icosahedron.h(280): warning C4305: 'argument' : truncation from 'double' to 'float'
     1>c:\users\devaux matthieu\desktop\photo\photo\icosahedron.h(281): warning C4305: 'argument' : truncation from 'double' to 'float'
     1>c:\users\devaux matthieu\desktop\photo\photo\icosahedron.h(282): warning C4305: 'argument' : truncation from 'double' to 'float'
     1>c:\users\devaux matthieu\desktop\photo\photo\icosahedron.h(283): warning C4305: 'argument' : truncation from 'double' to 'float'
     1>c:\users\devaux matthieu\desktop\photo\photo\icosahedron.h(284): warning C4305: 'argument' : truncation from 'double' to 'float'
     1>c:\users\devaux matthieu\desktop\photo\photo\icosahedron.h(285): warning C4305: 'argument' : truncation from 'double' to 'float'
     1>c:\users\devaux matthieu\desktop\photo\photo\icosahedron.h(286): warning C4305: 'argument' : truncation from 'double' to 'float'
     1>c:\users\devaux matthieu\desktop\photo\photo\icosahedron.h(287): warning C4305: 'argument' : truncation from 'double' to 'float'
     1>c:\users\devaux matthieu\desktop\photo\photo\icosahedron.h(288): warning C4305: 'argument' : truncation from 'double' to 'float'
     1>c:\users\devaux matthieu\desktop\photo\photo\icosahedron.h(289): warning C4305: 'argument' : truncation from 'double' to 'float'
     1>c:\users\devaux matthieu\desktop\photo\photo\icosahedron.h(290): warning C4305: 'argument' : truncation from 'double' to 'float'
     1>c:\users\devaux matthieu\desktop\photo\photo\icosahedron.h(291): warning C4305: 'argument' : truncation from 'double' to 'float'
     1>c:\users\devaux matthieu\desktop\photo\photo\icosahedron.h(292): warning C4305: 'argument' : truncation from 'double' to 'float'
     1>c:\users\devaux matthieu\desktop\photo\photo\icosahedron.h(293): warning C4305: 'argument' : truncation from 'double' to 'float'
     1>c:\users\devaux matthieu\desktop\photo\photo\icosahedron.h(294): warning C4305: 'argument' : truncation from 'double' to 'float'
     1>c:\users\devaux matthieu\desktop\photo\photo\icosahedron.h(295): warning C4305: 'argument' : truncation from 'double' to 'float'
     1>c:\users\devaux matthieu\desktop\photo\photo\icosahedron.h(296): warning C4305: 'argument' : truncation from 'double' to 'float'
     1>c:\users\devaux matthieu\desktop\photo\photo\icosahedron.h(297): warning C4305: 'argument' : truncation from 'double' to 'float'
     1>c:\users\devaux matthieu\desktop\photo\photo\icosahedron.h(298): warning C4305: 'argument' : truncation from 'double' to 'float'
     1>c:\users\devaux matthieu\desktop\photo\photo\icosahedron.h(299): warning C4305: 'argument' : truncation from 'double' to 'float'
     1>c:\users\devaux matthieu\desktop\photo\photo\icosahedron.h(300): warning C4305: 'argument' : truncation from 'double' to 'float'
     1>c:\users\devaux matthieu\desktop\photo\photo\icosahedron.h(301): warning C4305: 'argument' : truncation from 'double' to 'float'
     1>c:\users\devaux matthieu\desktop\photo\photo\icosahedron.h(302): warning C4305: 'argument' : truncation from 'double' to 'float'
     1>c:\users\devaux matthieu\desktop\photo\photo\icosahedron.h(303): warning C4305: 'argument' : truncation from 'double' to 'float'
     1>c:\users\devaux matthieu\desktop\photo\photo\icosahedron.h(304): warning C4305: 'argument' : truncation from 'double' to 'float'
     1>c:\users\devaux matthieu\desktop\photo\photo\icosahedron.h(305): warning C4305: 'argument' : truncation from 'double' to 'float'
     1>c:\users\devaux matthieu\desktop\photo\photo\icosahedron.h(306): warning C4305: 'argument' : truncation from 'double' to 'float'
     1>c:\users\devaux matthieu\desktop\photo\photo\icosahedron.h(307): warning C4305: 'argument' : truncation from 'double' to 'float'
     1>c:\users\devaux matthieu\desktop\photo\photo\icosahedron.h(308): warning C4305: 'argument' : truncation from 'double' to 'float'
     1>c:\users\devaux matthieu\desktop\photo\photo\icosahedron.h(309): warning C4305: 'argument' : truncation from 'double' to 'float'
     1>c:\users\devaux matthieu\desktop\photo\photo\icosahedron.h(310): warning C4305: 'argument' : truncation from 'double' to 'float'
     1>c:\users\devaux matthieu\desktop\photo\photo\icosahedron.h(311): warning C4305: 'argument' : truncation from 'double' to 'float'
     1>c:\users\devaux matthieu\desktop\photo\photo\icosahedron.h(312): warning C4305: 'argument' : truncation from 'double' to 'float'
     1>c:\users\devaux matthieu\desktop\photo\photo\icosahedron.h(313): warning C4305: 'argument' : truncation from 'double' to 'float'
     1>c:\users\devaux matthieu\desktop\photo\photo\icosahedron.h(315): warning C4305: 'argument' : truncation from 'double' to 'float'
     1>c:\users\devaux matthieu\desktop\photo\photo\icosahedron.h(316): warning C4305: 'argument' : truncation from 'double' to 'float'
     1>c:\users\devaux matthieu\desktop\photo\photo\icosahedron.h(317): warning C4305: 'argument' : truncation from 'double' to 'float'
     1>c:\users\devaux matthieu\desktop\photo\photo\icosahedron.h(318): warning C4305: 'argument' : truncation from 'double' to 'float'
     1>c:\users\devaux matthieu\desktop\photo\photo\icosahedron.h(319): warning C4305: 'argument' : truncation from 'double' to 'float'
     1>c:\users\devaux matthieu\desktop\photo\photo\icosahedron.h(320): warning C4305: 'argument' : truncation from 'double' to 'float'
     1>c:\users\devaux matthieu\desktop\photo\photo\icosahedron.h(321): warning C4305: 'argument' : truncation from 'double' to 'float'
     1>c:\users\devaux matthieu\desktop\photo\photo\icosahedron.h(322): warning C4305: 'argument' : truncation from 'double' to 'float'
     1>c:\users\devaux matthieu\desktop\photo\photo\icosahedron.h(323): warning C4305: 'argument' : truncation from 'double' to 'float'
     1>c:\users\devaux matthieu\desktop\photo\photo\icosahedron.h(324): warning C4305: 'argument' : truncation from 'double' to 'float'
     1>c:\users\devaux matthieu\desktop\photo\photo\icosahedron.h(325): warning C4305: 'argument' : truncation from 'double' to 'float'
     1>c:\users\devaux matthieu\desktop\photo\photo\icosahedron.h(326): warning C4305: 'argument' : truncation from 'double' to 'float'
     1>c:\users\devaux matthieu\desktop\photo\photo\icosahedron.h(327): warning C4305: 'argument' : truncation from 'double' to 'float'
     1>c:\users\devaux matthieu\desktop\photo\photo\icosahedron.h(328): warning C4305: 'argument' : truncation from 'double' to 'float'
     1>c:\users\devaux matthieu\desktop\photo\photo\icosahedron.h(329): warning C4305: 'argument' : truncation from 'double' to 'float'
     1>c:\users\devaux matthieu\desktop\photo\photo\icosahedron.h(330): warning C4305: 'argument' : truncation from 'double' to 'float'
     1>c:\users\devaux matthieu\desktop\photo\photo\icosahedron.h(331): warning C4305: 'argument' : truncation from 'double' to 'float'
     1>c:\users\devaux matthieu\desktop\photo\photo\icosahedron.h(332): warning C4305: 'argument' : truncation from 'double' to 'float'
     1>c:\users\devaux matthieu\desktop\photo\photo\icosahedron.h(333): warning C4305: 'argument' : truncation from 'double' to 'float'
     1>c:\users\devaux matthieu\desktop\photo\photo\icosahedron.h(334): warning C4305: 'argument' : truncation from 'double' to 'float'
     1>c:\users\devaux matthieu\desktop\photo\photo\icosahedron.h(335): warning C4305: 'argument' : truncation from 'double' to 'float'
     1>c:\users\devaux matthieu\desktop\photo\photo\icosahedron.h(336): warning C4305: 'argument' : truncation from 'double' to 'float'
     1>c:\users\devaux matthieu\desktop\photo\photo\icosahedron.h(337): warning C4305: 'argument' : truncation from 'double' to 'float'
     1>c:\users\devaux matthieu\desktop\photo\photo\icosahedron.h(338): warning C4305: 'argument' : truncation from 'double' to 'float'
     1>c:\users\devaux matthieu\desktop\photo\photo\icosahedron.h(339): warning C4305: 'argument' : truncation from 'double' to 'float'
     1>c:\users\devaux matthieu\desktop\photo\photo\icosahedron.h(340): warning C4305: 'argument' : truncation from 'double' to 'float'
     1>c:\users\devaux matthieu\desktop\photo\photo\icosahedron.h(341): warning C4305: 'argument' : truncation from 'double' to 'float'
     1>c:\users\devaux matthieu\desktop\photo\photo\icosahedron.h(342): warning C4305: 'argument' : truncation from 'double' to 'float'
     1>c:\users\devaux matthieu\desktop\photo\photo\icosahedron.h(343): warning C4305: 'argument' : truncation from 'double' to 'float'
     1>c:\users\devaux matthieu\desktop\photo\photo\icosahedron.h(344): warning C4305: 'argument' : truncation from 'double' to 'float'
     1>c:\users\devaux matthieu\desktop\photo\photo\icosahedron.h(345): warning C4305: 'argument' : truncation from 'double' to 'float'
     1>c:\users\devaux matthieu\desktop\photo\photo\icosahedron.h(346): warning C4305: 'argument' : truncation from 'double' to 'float'
     1>c:\users\devaux matthieu\desktop\photo\photo\icosahedron.h(347): warning C4305: 'argument' : truncation from 'double' to 'float'
     1>c:\users\devaux matthieu\desktop\photo\photo\icosahedron.h(348): warning C4305: 'argument' : truncation from 'double' to 'float'
     1>c:\users\devaux matthieu\desktop\photo\photo\icosahedron.h(349): warning C4305: 'argument' : truncation from 'double' to 'float'
     1>c:\users\devaux matthieu\desktop\photo\photo\icosahedron.h(350): warning C4305: 'argument' : truncation from 'double' to 'float'
     1>c:\users\devaux matthieu\desktop\photo\photo\icosahedron.h(351): warning C4305: 'argument' : truncation from 'double' to 'float'
     1>c:\users\devaux matthieu\desktop\photo\photo\icosahedron.h(352): warning C4305: 'argument' : truncation from 'double' to 'float'
     1>c:\users\devaux matthieu\desktop\photo\photo\icosahedron.h(353): warning C4305: 'argument' : truncation from 'double' to 'float'
     1>c:\users\devaux matthieu\desktop\photo\photo\icosahedron.h(354): warning C4305: 'argument' : truncation from 'double' to 'float'
     1>c:\users\devaux matthieu\desktop\photo\photo\icosahedron.h(355): warning C4305: 'argument' : truncation from 'double' to 'float'
     1>c:\users\devaux matthieu\desktop\photo\photo\icosahedron.h(356): warning C4305: 'argument' : truncation from 'double' to 'float'
     1>c:\users\devaux matthieu\desktop\photo\photo\icosahedron.h(357): warning C4305: 'argument' : truncation from 'double' to 'float'
     1>c:\users\devaux matthieu\desktop\photo\photo\icosahedron.h(358): warning C4305: 'argument' : truncation from 'double' to 'float'
     1>c:\users\devaux matthieu\desktop\photo\photo\icosahedron.h(359): warning C4305: 'argument' : truncation from 'double' to 'float'
     1>c:\users\devaux matthieu\desktop\photo\photo\icosahedron.h(360): warning C4305: 'argument' : truncation from 'double' to 'float'
     1>c:\users\devaux matthieu\desktop\photo\photo\icosahedron.h(361): warning C4305: 'argument' : truncation from 'double' to 'float'
     1>c:\users\devaux matthieu\desktop\photo\photo\icosahedron.h(362): warning C4305: 'argument' : truncation from 'double' to 'float'
     1>c:\users\devaux matthieu\desktop\photo\photo\icosahedron.h(363): warning C4305: 'argument' : truncation from 'double' to 'float'
     1>c:\users\devaux matthieu\desktop\photo\photo\icosahedron.h(364): warning C4305: 'argument' : truncation from 'double' to 'float'
     1>c:\users\devaux matthieu\desktop\photo\photo\icosahedron.h(365): warning C4305: 'argument' : truncation from 'double' to 'float'
     1>c:\users\devaux matthieu\desktop\photo\photo\icosahedron.h(366): warning C4305: 'argument' : truncation from 'double' to 'float'
     1>c:\users\devaux matthieu\desktop\photo\photo\icosahedron.h(367): warning C4305: 'argument' : truncation from 'double' to 'float'
     1>c:\users\devaux matthieu\desktop\photo\photo\icosahedron.h(368): warning C4305: 'argument' : truncation from 'double' to 'float'
     1>c:\users\devaux matthieu\desktop\photo\photo\icosahedron.h(369): warning C4305: 'argument' : truncation from 'double' to 'float'
     1>c:\users\devaux matthieu\desktop\photo\photo\icosahedron.h(370): warning C4305: 'argument' : truncation from 'double' to 'float'
     1>c:\users\devaux matthieu\desktop\photo\photo\icosahedron.h(371): warning C4305: 'argument' : truncation from 'double' to 'float'
     1>c:\users\devaux matthieu\desktop\photo\photo\icosahedron.h(372): warning C4305: 'argument' : truncation from 'double' to 'float'
     1>c:\users\devaux matthieu\desktop\photo\photo\icosahedron.h(373): warning C4305: 'argument' : truncation from 'double' to 'float'
     1>c:\users\devaux matthieu\desktop\photo\photo\icosahedron.h(374): warning C4305: 'argument' : truncation from 'double' to 'float'
     1>c:\users\devaux matthieu\desktop\photo\photo\icosahedron.h(375): warning C4305: 'argument' : truncation from 'double' to 'float'
     1>c:\users\devaux matthieu\desktop\photo\photo\icosahedron.h(376): warning C4305: 'argument' : truncation from 'double' to 'float'
     1>c:\users\devaux matthieu\desktop\photo\photo\icosahedron.h(377): warning C4305: 'argument' : truncation from 'double' to 'float'
     1>c:\users\devaux matthieu\desktop\photo\photo\icosahedron.h(378): warning C4305: 'argument' : truncation from 'double' to 'float'
     1>c:\users\devaux matthieu\desktop\photo\photo\icosahedron.h(379): warning C4305: 'argument' : truncation from 'double' to 'float'
     1>c:\users\devaux matthieu\desktop\photo\photo\icosahedron.h(380): warning C4305: 'argument' : truncation from 'double' to 'float'
     1>c:\users\devaux matthieu\desktop\photo\photo\icosahedron.h(381): warning C4305: 'argument' : truncation from 'double' to 'float'
     1>c:\users\devaux matthieu\desktop\photo\photo\icosahedron.h(382): warning C4305: 'argument' : truncation from 'double' to 'float'
     1>c:\users\devaux matthieu\desktop\photo\photo\icosahedron.h(383): warning C4305: 'argument' : truncation from 'double' to 'float'
     1>c:\users\devaux matthieu\desktop\photo\photo\icosahedron.h(384): warning C4305: 'argument' : truncation from 'double' to 'float'
     1>c:\users\devaux matthieu\desktop\photo\photo\icosahedron.h(385): warning C4305: 'argument' : truncation from 'double' to 'float'
     1>c:\users\devaux matthieu\desktop\photo\photo\icosahedron.h(386): warning C4305: 'argument' : truncation from 'double' to 'float'
     1>c:\users\devaux matthieu\desktop\photo\photo\icosahedron.h(387): warning C4305: 'argument' : truncation from 'double' to 'float'
     1>c:\users\devaux matthieu\desktop\photo\photo\icosahedron.h(388): warning C4305: 'argument' : truncation from 'double' to 'float'
     1>c:\users\devaux matthieu\desktop\photo\photo\icosahedron.h(389): warning C4305: 'argument' : truncation from 'double' to 'float'
     1>c:\users\devaux matthieu\desktop\photo\photo\icosahedron.h(390): warning C4305: 'argument' : truncation from 'double' to 'float'
     1>c:\users\devaux matthieu\desktop\photo\photo\icosahedron.h(391): warning C4305: 'argument' : truncation from 'double' to 'float'
     1>c:\users\devaux matthieu\desktop\photo\photo\icosahedron.h(393): warning C4305: 'argument' : truncation from 'double' to 'float'
     1>c:\users\devaux matthieu\desktop\photo\photo\icosahedron.h(394): warning C4305: 'argument' : truncation from 'double' to 'float'
     1>c:\users\devaux matthieu\desktop\photo\photo\icosahedron.h(395): warning C4305: 'argument' : truncation from 'double' to 'float'
     1>c:\users\devaux matthieu\desktop\photo\photo\icosahedron.h(396): warning C4305: 'argument' : truncation from 'double' to 'float'
     1>c:\users\devaux matthieu\desktop\photo\photo\icosahedron.h(397): warning C4305: 'argument' : truncation from 'double' to 'float'
     1>c:\users\devaux matthieu\desktop\photo\photo\icosahedron.h(398): warning C4305: 'argument' : truncation from 'double' to 'float'
     1>c:\users\devaux matthieu\desktop\photo\photo\icosahedron.h(399): warning C4305: 'argument' : truncation from 'double' to 'float'
     1>c:\users\devaux matthieu\desktop\photo\photo\icosahedron.h(400): warning C4305: 'argument' : truncation from 'double' to 'float'
     1>c:\users\devaux matthieu\desktop\photo\photo\icosahedron.h(401): warning C4305: 'argument' : truncation from 'double' to 'float'
     1>c:\users\devaux matthieu\desktop\photo\photo\icosahedron.h(402): warning C4305: 'argument' : truncation from 'double' to 'float'
     1>c:\users\devaux matthieu\desktop\photo\photo\icosahedron.h(403): warning C4305: 'argument' : truncation from 'double' to 'float'
     1>c:\users\devaux matthieu\desktop\photo\photo\icosahedron.h(404): warning C4305: 'argument' : truncation from 'double' to 'float'
     1>c:\users\devaux matthieu\desktop\photo\photo\icosahedron.h(405): warning C4305: 'argument' : truncation from 'double' to 'float'
     1>c:\users\devaux matthieu\desktop\photo\photo\icosahedron.h(406): warning C4305: 'argument' : truncation from 'double' to 'float'
     1>c:\users\devaux matthieu\desktop\photo\photo\icosahedron.h(407): warning C4305: 'argument' : truncation from 'double' to 'float'
     1>c:\users\devaux matthieu\desktop\photo\photo\icosahedron.h(408): warning C4305: 'argument' : truncation from 'double' to 'float'
     1>c:\users\devaux matthieu\desktop\photo\photo\icosahedron.h(409): warning C4305: 'argument' : truncation from 'double' to 'float'
     1>c:\users\devaux matthieu\desktop\photo\photo\icosahedron.h(410): warning C4305: 'argument' : truncation from 'double' to 'float'
     1>c:\users\devaux matthieu\desktop\photo\photo\icosahedron.h(411): warning C4305: 'argument' : truncation from 'double' to 'float'
     1>c:\users\devaux matthieu\desktop\photo\photo\icosahedron.h(412): warning C4305: 'argument' : truncation from 'double' to 'float'
     1>c:\users\devaux matthieu\desktop\photo\photo\icosahedron.h(413): warning C4305: 'argument' : truncation from 'double' to 'float'
     1>c:\users\devaux matthieu\desktop\photo\photo\icosahedron.h(414): warning C4305: 'argument' : truncation from 'double' to 'float'
     1>c:\users\devaux matthieu\desktop\photo\photo\icosahedron.h(415): warning C4305: 'argument' : truncation from 'double' to 'float'
     1>c:\users\devaux matthieu\desktop\photo\photo\icosahedron.h(416): warning C4305: 'argument' : truncation from 'double' to 'float'
     1>c:\users\devaux matthieu\desktop\photo\photo\icosahedron.h(417): warning C4305: 'argument' : truncation from 'double' to 'float'
     1>c:\users\devaux matthieu\desktop\photo\photo\icosahedron.h(418): warning C4305: 'argument' : truncation from 'double' to 'float'
     1>c:\users\devaux matthieu\desktop\photo\photo\icosahedron.h(419): warning C4305: 'argument' : truncation from 'double' to 'float'
     1>c:\users\devaux matthieu\desktop\photo\photo\icosahedron.h(420): warning C4305: 'argument' : truncation from 'double' to 'float'
     1>c:\users\devaux matthieu\desktop\photo\photo\icosahedron.h(421): warning C4305: 'argument' : truncation from 'double' to 'float'
     1>c:\users\devaux matthieu\desktop\photo\photo\icosahedron.h(422): warning C4305: 'argument' : truncation from 'double' to 'float'
     1>c:\users\devaux matthieu\desktop\photo\photo\icosahedron.h(423): warning C4305: 'argument' : truncation from 'double' to 'float'
     1>c:\users\devaux matthieu\desktop\photo\photo\icosahedron.h(424): warning C4305: 'argument' : truncation from 'double' to 'float'
     1>c:\users\devaux matthieu\desktop\photo\photo\icosahedron.h(425): warning C4305: 'argument' : truncation from 'double' to 'float'
     1>c:\users\devaux matthieu\desktop\photo\photo\icosahedron.h(426): warning C4305: 'argument' : truncation from 'double' to 'float'
     1>c:\users\devaux matthieu\desktop\photo\photo\icosahedron.h(427): warning C4305: 'argument' : truncation from 'double' to 'float'
     1>c:\users\devaux matthieu\desktop\photo\photo\icosahedron.h(428): warning C4305: 'argument' : truncation from 'double' to 'float'
     1>c:\users\devaux matthieu\desktop\photo\photo\icosahedron.h(429): warning C4305: 'argument' : truncation from 'double' to 'float'
     1>c:\users\devaux matthieu\desktop\photo\photo\icosahedron.h(430): warning C4305: 'argument' : truncation from 'double' to 'float'
     1>c:\users\devaux matthieu\desktop\photo\photo\icosahedron.h(431): warning C4305: 'argument' : truncation from 'double' to 'float'
     1>c:\users\devaux matthieu\desktop\photo\photo\icosahedron.h(432): warning C4305: 'argument' : truncation from 'double' to 'float'
     1>c:\users\devaux matthieu\desktop\photo\photo\icosahedron.h(433): warning C4305: 'argument' : truncation from 'double' to 'float'
     1>c:\users\devaux matthieu\desktop\photo\photo\icosahedron.h(434): warning C4305: 'argument' : truncation from 'double' to 'float'
     1>c:\users\devaux matthieu\desktop\photo\photo\icosahedron.h(435): warning C4305: 'argument' : truncation from 'double' to 'float'
     1>c:\users\devaux matthieu\desktop\photo\photo\icosahedron.h(436): warning C4305: 'argument' : truncation from 'double' to 'float'
     1>c:\users\devaux matthieu\desktop\photo\photo\icosahedron.h(437): warning C4305: 'argument' : truncation from 'double' to 'float'
     1>c:\users\devaux matthieu\desktop\photo\photo\icosahedron.h(438): warning C4305: 'argument' : truncation from 'double' to 'float'
     1>c:\users\devaux matthieu\desktop\photo\photo\icosahedron.h(439): warning C4305: 'argument' : truncation from 'double' to 'float'
     1>c:\users\devaux matthieu\desktop\photo\photo\icosahedron.h(440): warning C4305: 'argument' : truncation from 'double' to 'float'
     1>c:\users\devaux matthieu\desktop\photo\photo\icosahedron.h(441): warning C4305: 'argument' : truncation from 'double' to 'float'
     1>c:\users\devaux matthieu\desktop\photo\photo\icosahedron.h(442): warning C4305: 'argument' : truncation from 'double' to 'float'
     1>c:\users\devaux matthieu\desktop\photo\photo\icosahedron.h(443): warning C4305: 'argument' : truncation from 'double' to 'float'
     1>c:\users\devaux matthieu\desktop\photo\photo\icosahedron.h(444): warning C4305: 'argument' : truncation from 'double' to 'float'
     1>c:\users\devaux matthieu\desktop\photo\photo\icosahedron.h(445): warning C4305: 'argument' : truncation from 'double' to 'float'
     1>c:\users\devaux matthieu\desktop\photo\photo\icosahedron.h(446): warning C4305: 'argument' : truncation from 'double' to 'float'
     1>c:\users\devaux matthieu\desktop\photo\photo\icosahedron.h(447): warning C4305: 'argument' : truncation from 'double' to 'float'
     1>c:\users\devaux matthieu\desktop\photo\photo\icosahedron.h(448): warning C4305: 'argument' : truncation from 'double' to 'float'
     1>c:\users\devaux matthieu\desktop\photo\photo\icosahedron.h(449): warning C4305: 'argument' : truncation from 'double' to 'float'
     1>c:\users\devaux matthieu\desktop\photo\photo\icosahedron.h(450): warning C4305: 'argument' : truncation from 'double' to 'float'
     1>c:\users\devaux matthieu\desktop\photo\photo\icosahedron.h(451): warning C4305: 'argument' : truncation from 'double' to 'float'
     1>c:\users\devaux matthieu\desktop\photo\photo\icosahedron.h(452): warning C4305: 'argument' : truncation from 'double' to 'float'
     1>c:\users\devaux matthieu\desktop\photo\photo\icosahedron.h(453): warning C4305: 'argument' : truncation from 'double' to 'float'
     1>c:\users\devaux matthieu\desktop\photo\photo\icosahedron.h(454): warning C4305: 'argument' : truncation from 'double' to 'float'
     1>c:\users\devaux matthieu\desktop\photo\photo\icosahedron.h(455): warning C4305: 'argument' : truncation from 'double' to 'float'
     1>c:\users\devaux matthieu\desktop\photo\photo\icosahedron.h(456): warning C4305: 'argument' : truncation from 'double' to 'float'
     1>c:\users\devaux matthieu\desktop\photo\photo\icosahedron.h(457): warning C4305: 'argument' : truncation from 'double' to 'float'
     1>c:\users\devaux matthieu\desktop\photo\photo\icosahedron.h(458): warning C4305: 'argument' : truncation from 'double' to 'float'
     1>c:\users\devaux matthieu\desktop\photo\photo\icosahedron.h(459): warning C4305: 'argument' : truncation from 'double' to 'float'
     1>c:\users\devaux matthieu\desktop\photo\photo\icosahedron.h(460): warning C4305: 'argument' : truncation from 'double' to 'float'
     1>c:\users\devaux matthieu\desktop\photo\photo\icosahedron.h(461): warning C4305: 'argument' : truncation from 'double' to 'float'
     1>c:\users\devaux matthieu\desktop\photo\photo\icosahedron.h(462): warning C4305: 'argument' : truncation from 'double' to 'float'
     1>c:\users\devaux matthieu\desktop\photo\photo\icosahedron.h(463): warning C4305: 'argument' : truncation from 'double' to 'float'
     1>c:\users\devaux matthieu\desktop\photo\photo\icosahedron.h(464): warning C4305: 'argument' : truncation from 'double' to 'float'
     1>c:\users\devaux matthieu\desktop\photo\photo\icosahedron.h(465): warning C4305: 'argument' : truncation from 'double' to 'float'
     1>c:\users\devaux matthieu\desktop\photo\photo\icosahedron.h(466): warning C4305: 'argument' : truncation from 'double' to 'float'
     1>c:\users\devaux matthieu\desktop\photo\photo\icosahedron.h(467): warning C4305: 'argument' : truncation from 'double' to 'float'
     1>c:\users\devaux matthieu\desktop\photo\photo\icosahedron.h(468): warning C4305: 'argument' : truncation from 'double' to 'float'
     1>c:\users\devaux matthieu\desktop\photo\photo\icosahedron.h(469): warning C4305: 'argument' : truncation from 'double' to 'float'
     1>c:\users\devaux matthieu\desktop\photo\photo\icosahedron.h(470): warning C4305: 'argument' : truncation from 'double' to 'float'
     1>c:\users\devaux matthieu\desktop\photo\photo\icosahedron.h(472): warning C4305: 'argument' : truncation from 'double' to 'float'
     1>c:\users\devaux matthieu\desktop\photo\photo\icosahedron.h(473): warning C4305: 'argument' : truncation from 'double' to 'float'
     1>c:\users\devaux matthieu\desktop\photo\photo\icosahedron.h(474): warning C4305: 'argument' : truncation from 'double' to 'float'
     1>c:\users\devaux matthieu\desktop\photo\photo\icosahedron.h(475): warning C4305: 'argument' : truncation from 'double' to 'float'
     1>c:\users\devaux matthieu\desktop\photo\photo\icosahedron.h(476): warning C4305: 'argument' : truncation from 'double' to 'float'
     1>c:\users\devaux matthieu\desktop\photo\photo\icosahedron.h(477): warning C4305: 'argument' : truncation from 'double' to 'float'
     1>c:\users\devaux matthieu\desktop\photo\photo\icosahedron.h(478): warning C4305: 'argument' : truncation from 'double' to 'float'
     1>c:\users\devaux matthieu\desktop\photo\photo\icosahedron.h(479): warning C4305: 'argument' : truncation from 'double' to 'float'
     1>c:\users\devaux matthieu\desktop\photo\photo\icosahedron.h(480): warning C4305: 'argument' : truncation from 'double' to 'float'
     1>c:\users\devaux matthieu\desktop\photo\photo\icosahedron.h(481): warning C4305: 'argument' : truncation from 'double' to 'float'
     1>c:\users\devaux matthieu\desktop\photo\photo\icosahedron.h(482): warning C4305: 'argument' : truncation from 'double' to 'float'
     1>c:\users\devaux matthieu\desktop\photo\photo\icosahedron.h(483): warning C4305: 'argument' : truncation from 'double' to 'float'
     1>c:\users\devaux matthieu\desktop\photo\photo\icosahedron.h(484): warning C4305: 'argument' : truncation from 'double' to 'float'
     1>c:\users\devaux matthieu\desktop\photo\photo\icosahedron.h(485): warning C4305: 'argument' : truncation from 'double' to 'float'
     1>c:\users\devaux matthieu\desktop\photo\photo\icosahedron.h(486): warning C4305: 'argument' : truncation from 'double' to 'float'
     1>c:\users\devaux matthieu\desktop\photo\photo\icosahedron.h(487): warning C4305: 'argument' : truncation from 'double' to 'float'
     1>c:\users\devaux matthieu\desktop\photo\photo\icosahedron.h(488): warning C4305: 'argument' : truncation from 'double' to 'float'
     1>c:\users\devaux matthieu\desktop\photo\photo\icosahedron.h(489): warning C4305: 'argument' : truncation from 'double' to 'float'
     1>c:\users\devaux matthieu\desktop\photo\photo\icosahedron.h(490): warning C4305: 'argument' : truncation from 'double' to 'float'
     1>c:\users\devaux matthieu\desktop\photo\photo\icosahedron.h(491): warning C4305: 'argument' : truncation from 'double' to 'float'
     1>c:\users\devaux matthieu\desktop\photo\photo\icosahedron.h(492): warning C4305: 'argument' : truncation from 'double' to 'float'
     1>c:\users\devaux matthieu\desktop\photo\photo\icosahedron.h(493): warning C4305: 'argument' : truncation from 'double' to 'float'
     1>c:\users\devaux matthieu\desktop\photo\photo\icosahedron.h(494): warning C4305: 'argument' : truncation from 'double' to 'float'
     1>c:\users\devaux matthieu\desktop\photo\photo\icosahedron.h(495): warning C4305: 'argument' : truncation from 'double' to 'float'
     1>c:\users\devaux matthieu\desktop\photo\photo\icosahedron.h(496): warning C4305: 'argument' : truncation from 'double' to 'float'
     1>c:\users\devaux matthieu\desktop\photo\photo\icosahedron.h(497): warning C4305: 'argument' : truncation from 'double' to 'float'
     1>c:\users\devaux matthieu\desktop\photo\photo\icosahedron.h(498): warning C4305: 'argument' : truncation from 'double' to 'float'
     1>c:\users\devaux matthieu\desktop\photo\photo\icosahedron.h(499): warning C4305: 'argument' : truncation from 'double' to 'float'
     1>c:\users\devaux matthieu\desktop\photo\photo\icosahedron.h(500): warning C4305: 'argument' : truncation from 'double' to 'float'
     1>c:\users\devaux matthieu\desktop\photo\photo\icosahedron.h(501): warning C4305: 'argument' : truncation from 'double' to 'float'
     1>c:\users\devaux matthieu\desktop\photo\photo\icosahedron.h(502): warning C4305: 'argument' : truncation from 'double' to 'float'
     1>c:\users\devaux matthieu\desktop\photo\photo\icosahedron.h(503): warning C4305: 'argument' : truncation from 'double' to 'float'
     1>c:\users\devaux matthieu\desktop\photo\photo\icosahedron.h(504): warning C4305: 'argument' : truncation from 'double' to 'float'
     1>c:\users\devaux matthieu\desktop\photo\photo\icosahedron.h(505): warning C4305: 'argument' : truncation from 'double' to 'float'
     1>c:\users\devaux matthieu\desktop\photo\photo\icosahedron.h(506): warning C4305: 'argument' : truncation from 'double' to 'float'
     1>c:\users\devaux matthieu\desktop\photo\photo\icosahedron.h(507): warning C4305: 'argument' : truncation from 'double' to 'float'
     1>c:\users\devaux matthieu\desktop\photo\photo\icosahedron.h(508): warning C4305: 'argument' : truncation from 'double' to 'float'
     1>c:\users\devaux matthieu\desktop\photo\photo\icosahedron.h(509): warning C4305: 'argument' : truncation from 'double' to 'float'
     1>c:\users\devaux matthieu\desktop\photo\photo\icosahedron.h(510): warning C4305: 'argument' : truncation from 'double' to 'float'
     1>c:\users\devaux matthieu\desktop\photo\photo\icosahedron.h(511): warning C4305: 'argument' : truncation from 'double' to 'float'
     1>c:\users\devaux matthieu\desktop\photo\photo\icosahedron.h(512): warning C4305: 'argument' : truncation from 'double' to 'float'
     1>c:\users\devaux matthieu\desktop\photo\photo\icosahedron.h(513): warning C4305: 'argument' : truncation from 'double' to 'float'
     1>c:\users\devaux matthieu\desktop\photo\photo\icosahedron.h(514): warning C4305: 'argument' : truncation from 'double' to 'float'
     1>c:\users\devaux matthieu\desktop\photo\photo\icosahedron.h(515): warning C4305: 'argument' : truncation from 'double' to 'float'
     1>c:\users\devaux matthieu\desktop\photo\photo\icosahedron.h(516): warning C4305: 'argument' : truncation from 'double' to 'float'
     1>c:\users\devaux matthieu\desktop\photo\photo\icosahedron.h(517): warning C4305: 'argument' : truncation from 'double' to 'float'
     1>c:\users\devaux matthieu\desktop\photo\photo\icosahedron.h(518): warning C4305: 'argument' : truncation from 'double' to 'float'
     1>c:\users\devaux matthieu\desktop\photo\photo\icosahedron.h(519): warning C4305: 'argument' : truncation from 'double' to 'float'
     1>c:\users\devaux matthieu\desktop\photo\photo\icosahedron.h(520): warning C4305: 'argument' : truncation from 'double' to 'float'
     1>c:\users\devaux matthieu\desktop\photo\photo\icosahedron.h(521): warning C4305: 'argument' : truncation from 'double' to 'float'
     1>c:\users\devaux matthieu\desktop\photo\photo\icosahedron.h(522): warning C4305: 'argument' : truncation from 'double' to 'float'
     1>c:\users\devaux matthieu\desktop\photo\photo\icosahedron.h(523): warning C4305: 'argument' : truncation from 'double' to 'float'
     1>c:\users\devaux matthieu\desktop\photo\photo\icosahedron.h(524): warning C4305: 'argument' : truncation from 'double' to 'float'
     1>c:\users\devaux matthieu\desktop\photo\photo\icosahedron.h(525): warning C4305: 'argument' : truncation from 'double' to 'float'
     1>c:\users\devaux matthieu\desktop\photo\photo\icosahedron.h(526): warning C4305: 'argument' : truncation from 'double' to 'float'
     1>c:\users\devaux matthieu\desktop\photo\photo\icosahedron.h(527): warning C4305: 'argument' : truncation from 'double' to 'float'
     1>c:\users\devaux matthieu\desktop\photo\photo\icosahedron.h(528): warning C4305: 'argument' : truncation from 'double' to 'float'
     1>c:\users\devaux matthieu\desktop\photo\photo\icosahedron.h(529): warning C4305: 'argument' : truncation from 'double' to 'float'
     1>c:\users\devaux matthieu\desktop\photo\photo\icosahedron.h(530): warning C4305: 'argument' : truncation from 'double' to 'float'
     1>c:\users\devaux matthieu\desktop\photo\photo\icosahedron.h(531): warning C4305: 'argument' : truncation from 'double' to 'float'
     1>c:\users\devaux matthieu\desktop\photo\photo\icosahedron.h(532): warning C4305: 'argument' : truncation from 'double' to 'float'
     1>c:\users\devaux matthieu\desktop\photo\photo\icosahedron.h(533): warning C4305: 'argument' : truncation from 'double' to 'float'
     1>c:\users\devaux matthieu\desktop\photo\photo\icosahedron.h(534): warning C4305: 'argument' : truncation from 'double' to 'float'
     1>c:\users\devaux matthieu\desktop\photo\photo\icosahedron.h(535): warning C4305: 'argument' : truncation from 'double' to 'float'
     1>c:\users\devaux matthieu\desktop\photo\photo\icosahedron.h(536): warning C4305: 'argument' : truncation from 'double' to 'float'
     1>c:\users\devaux matthieu\desktop\photo\photo\icosahedron.h(537): warning C4305: 'argument' : truncation from 'double' to 'float'
     1>c:\users\devaux matthieu\desktop\photo\photo\icosahedron.h(538): warning C4305: 'argument' : truncation from 'double' to 'float'
     1>c:\users\devaux matthieu\desktop\photo\photo\icosahedron.h(539): warning C4305: 'argument' : truncation from 'double' to 'float'
     1>c:\users\devaux matthieu\desktop\photo\photo\icosahedron.h(540): warning C4305: 'argument' : truncation from 'double' to 'float'
     1>c:\users\devaux matthieu\desktop\photo\photo\icosahedron.h(541): warning C4305: 'argument' : truncation from 'double' to 'float'
     1>c:\users\devaux matthieu\desktop\photo\photo\icosahedron.h(542): warning C4305: 'argument' : truncation from 'double' to 'float'
     1>c:\users\devaux matthieu\desktop\photo\photo\icosahedron.h(543): warning C4305: 'argument' : truncation from 'double' to 'float'
     1>c:\users\devaux matthieu\desktop\photo\photo\icosahedron.h(544): warning C4305: 'argument' : truncation from 'double' to 'float'
     1>c:\users\devaux matthieu\desktop\photo\photo\icosahedron.h(545): warning C4305: 'argument' : truncation from 'double' to 'float'
     1>c:\users\devaux matthieu\desktop\photo\photo\icosahedron.h(546): warning C4305: 'argument' : truncation from 'double' to 'float'
     1>c:\users\devaux matthieu\desktop\photo\photo\icosahedron.h(547): warning C4305: 'argument' : truncation from 'double' to 'float'
     1>c:\users\devaux matthieu\desktop\photo\photo\icosahedron.h(548): warning C4305: 'argument' : truncation from 'double' to 'float'
     1>c:\users\devaux matthieu\desktop\photo\photo\icosahedron.h(549): warning C4305: 'argument' : truncation from 'double' to 'float'
     1>c:\users\devaux matthieu\desktop\photo\photo\icosahedron.h(550): warning C4305: 'argument' : truncation from 'double' to 'float'
     1>c:\users\devaux matthieu\desktop\photo\photo\icosahedron.h(551): warning C4305: 'argument' : truncation from 'double' to 'float'
     1>c:\users\devaux matthieu\desktop\photo\photo\icosahedron.h(552): warning C4305: 'argument' : truncation from 'double' to 'float'
     1>c:\users\devaux matthieu\desktop\photo\photo\icosahedron.h(553): warning C4305: 'argument' : truncation from 'double' to 'float'
     1>c:\users\devaux matthieu\desktop\photo\photo\icosahedron.h(554): warning C4305: 'argument' : truncation from 'double' to 'float'
     1>c:\users\devaux matthieu\desktop\photo\photo\icosahedron.h(555): warning C4305: 'argument' : truncation from 'double' to 'float'
     1>c:\users\devaux matthieu\desktop\photo\photo\icosahedron.h(556): warning C4305: 'argument' : truncation from 'double' to 'float'
     1>c:\users\devaux matthieu\desktop\photo\photo\icosahedron.h(557): warning C4305: 'argument' : truncation from 'double' to 'float'
     1>c:\users\devaux matthieu\desktop\photo\photo\icosahedron.h(559): warning C4305: 'argument' : truncation from 'double' to 'float'
     1>c:\users\devaux matthieu\desktop\photo\photo\icosahedron.h(560): warning C4305: 'argument' : truncation from 'double' to 'float'
     1>c:\users\devaux matthieu\desktop\photo\photo\icosahedron.h(561): warning C4305: 'argument' : truncation from 'double' to 'float'
     1>c:\users\devaux matthieu\desktop\photo\photo\icosahedron.h(562): warning C4305: 'argument' : truncation from 'double' to 'float'
     1>c:\users\devaux matthieu\desktop\photo\photo\icosahedron.h(563): warning C4305: 'argument' : truncation from 'double' to 'float'
     1>c:\users\devaux matthieu\desktop\photo\photo\icosahedron.h(564): warning C4305: 'argument' : truncation from 'double' to 'float'
     1>c:\users\devaux matthieu\desktop\photo\photo\icosahedron.h(565): warning C4305: 'argument' : truncation from 'double' to 'float'
     1>c:\users\devaux matthieu\desktop\photo\photo\icosahedron.h(566): warning C4305: 'argument' : truncation from 'double' to 'float'
     1>c:\users\devaux matthieu\desktop\photo\photo\icosahedron.h(567): warning C4305: 'argument' : truncation from 'double' to 'float'
     1>c:\users\devaux matthieu\desktop\photo\photo\icosahedron.h(568): warning C4305: 'argument' : truncation from 'double' to 'float'
     1>c:\users\devaux matthieu\desktop\photo\photo\icosahedron.h(569): warning C4305: 'argument' : truncation from 'double' to 'float'
     1>c:\users\devaux matthieu\desktop\photo\photo\icosahedron.h(570): warning C4305: 'argument' : truncation from 'double' to 'float'
     1>c:\users\devaux matthieu\desktop\photo\photo\icosahedron.h(571): warning C4305: 'argument' : truncation from 'double' to 'float'
     1>c:\users\devaux matthieu\desktop\photo\photo\icosahedron.h(572): warning C4305: 'argument' : truncation from 'double' to 'float'
     1>c:\users\devaux matthieu\desktop\photo\photo\icosahedron.h(573): warning C4305: 'argument' : truncation from 'double' to 'float'
     1>c:\users\devaux matthieu\desktop\photo\photo\icosahedron.h(574): warning C4305: 'argument' : truncation from 'double' to 'float'
     1>c:\users\devaux matthieu\desktop\photo\photo\icosahedron.h(575): warning C4305: 'argument' : truncation from 'double' to 'float'
     1>c:\users\devaux matthieu\desktop\photo\photo\icosahedron.h(576): warning C4305: 'argument' : truncation from 'double' to 'float'
     1>c:\users\devaux matthieu\desktop\photo\photo\icosahedron.h(577): warning C4305: 'argument' : truncation from 'double' to 'float'
     1>c:\users\devaux matthieu\desktop\photo\photo\icosahedron.h(578): warning C4305: 'argument' : truncation from 'double' to 'float'
     1>c:\users\devaux matthieu\desktop\photo\photo\icosahedron.h(579): warning C4305: 'argument' : truncation from 'double' to 'float'
     1>c:\users\devaux matthieu\desktop\photo\photo\icosahedron.h(580): warning C4305: 'argument' : truncation from 'double' to 'float'
     1>c:\users\devaux matthieu\desktop\photo\photo\icosahedron.h(581): warning C4305: 'argument' : truncation from 'double' to 'float'
     1>c:\users\devaux matthieu\desktop\photo\photo\icosahedron.h(582): warning C4305: 'argument' : truncation from 'double' to 'float'
     1>c:\users\devaux matthieu\desktop\photo\photo\icosahedron.h(583): warning C4305: 'argument' : truncation from 'double' to 'float'
     1>c:\users\devaux matthieu\desktop\photo\photo\icosahedron.h(584): warning C4305: 'argument' : truncation from 'double' to 'float'
     1>c:\users\devaux matthieu\desktop\photo\photo\icosahedron.h(585): warning C4305: 'argument' : truncation from 'double' to 'float'
     1>c:\users\devaux matthieu\desktop\photo\photo\icosahedron.h(586): warning C4305: 'argument' : truncation from 'double' to 'float'
     1>c:\users\devaux matthieu\desktop\photo\photo\icosahedron.h(587): warning C4305: 'argument' : truncation from 'double' to 'float'
     1>c:\users\devaux matthieu\desktop\photo\photo\icosahedron.h(588): warning C4305: 'argument' : truncation from 'double' to 'float'
     1>c:\users\devaux matthieu\desktop\photo\photo\icosahedron.h(589): warning C4305: 'argument' : truncation from 'double' to 'float'
     1>c:\users\devaux matthieu\desktop\photo\photo\icosahedron.h(590): warning C4305: 'argument' : truncation from 'double' to 'float'
     1>c:\users\devaux matthieu\desktop\photo\photo\icosahedron.h(591): warning C4305: 'argument' : truncation from 'double' to 'float'
     1>c:\users\devaux matthieu\desktop\photo\photo\icosahedron.h(592): warning C4305: 'argument' : truncation from 'double' to 'float'
     1>c:\users\devaux matthieu\desktop\photo\photo\icosahedron.h(593): warning C4305: 'argument' : truncation from 'double' to 'float'
     1>c:\users\devaux matthieu\desktop\photo\photo\icosahedron.h(594): warning C4305: 'argument' : truncation from 'double' to 'float'
     1>c:\users\devaux matthieu\desktop\photo\photo\icosahedron.h(595): warning C4305: 'argument' : truncation from 'double' to 'float'
     1>c:\users\devaux matthieu\desktop\photo\photo\icosahedron.h(596): warning C4305: 'argument' : truncation from 'double' to 'float'
     1>c:\users\devaux matthieu\desktop\photo\photo\icosahedron.h(597): warning C4305: 'argument' : truncation from 'double' to 'float'
     1>c:\users\devaux matthieu\desktop\photo\photo\icosahedron.h(598): warning C4305: 'argument' : truncation from 'double' to 'float'
     1>c:\users\devaux matthieu\desktop\photo\photo\icosahedron.h(599): warning C4305: 'argument' : truncation from 'double' to 'float'
     1>c:\users\devaux matthieu\desktop\photo\photo\icosahedron.h(600): warning C4305: 'argument' : truncation from 'double' to 'float'
     1>c:\users\devaux matthieu\desktop\photo\photo\icosahedron.h(601): warning C4305: 'argument' : truncation from 'double' to 'float'
     1>c:\users\devaux matthieu\desktop\photo\photo\icosahedron.h(602): warning C4305: 'argument' : truncation from 'double' to 'float'
     1>c:\users\devaux matthieu\desktop\photo\photo\icosahedron.h(603): warning C4305: 'argument' : truncation from 'double' to 'float'
     1>c:\users\devaux matthieu\desktop\photo\photo\icosahedron.h(604): warning C4305: 'argument' : truncation from 'double' to 'float'
     1>c:\users\devaux matthieu\desktop\photo\photo\icosahedron.h(605): warning C4305: 'argument' : truncation from 'double' to 'float'
     1>c:\users\devaux matthieu\desktop\photo\photo\icosahedron.h(606): warning C4305: 'argument' : truncation from 'double' to 'float'
     1>c:\users\devaux matthieu\desktop\photo\photo\icosahedron.h(607): warning C4305: 'argument' : truncation from 'double' to 'float'
     1>c:\users\devaux matthieu\desktop\photo\photo\icosahedron.h(608): warning C4305: 'argument' : truncation from 'double' to 'float'
     1>c:\users\devaux matthieu\desktop\photo\photo\icosahedron.h(609): warning C4305: 'argument' : truncation from 'double' to 'float'
     1>c:\users\devaux matthieu\desktop\photo\photo\icosahedron.h(610): warning C4305: 'argument' : truncation from 'double' to 'float'
     1>c:\users\devaux matthieu\desktop\photo\photo\icosahedron.h(611): warning C4305: 'argument' : truncation from 'double' to 'float'
     1>c:\users\devaux matthieu\desktop\photo\photo\icosahedron.h(612): warning C4305: 'argument' : truncation from 'double' to 'float'
     1>c:\users\devaux matthieu\desktop\photo\photo\icosahedron.h(613): warning C4305: 'argument' : truncation from 'double' to 'float'
     1>c:\users\devaux matthieu\desktop\photo\photo\icosahedron.h(614): warning C4305: 'argument' : truncation from 'double' to 'float'
     1>c:\users\devaux matthieu\desktop\photo\photo\icosahedron.h(615): warning C4305: 'argument' : truncation from 'double' to 'float'
     1>c:\users\devaux matthieu\desktop\photo\photo\icosahedron.h(616): warning C4305: 'argument' : truncation from 'double' to 'float'
     1>c:\users\devaux matthieu\desktop\photo\photo\icosahedron.h(617): warning C4305: 'argument' : truncation from 'double' to 'float'
     1>c:\users\devaux matthieu\desktop\photo\photo\icosahedron.h(618): warning C4305: 'argument' : truncation from 'double' to 'float'
     1>c:\users\devaux matthieu\desktop\photo\photo\icosahedron.h(619): warning C4305: 'argument' : truncation from 'double' to 'float'
     1>c:\users\devaux matthieu\desktop\photo\photo\icosahedron.h(620): warning C4305: 'argument' : truncation from 'double' to 'float'
     1>c:\users\devaux matthieu\desktop\photo\photo\icosahedron.h(621): warning C4305: 'argument' : truncation from 'double' to 'float'
     1>c:\users\devaux matthieu\desktop\photo\photo\icosahedron.h(622): warning C4305: 'argument' : truncation from 'double' to 'float'
     1>c:\users\devaux matthieu\desktop\photo\photo\icosahedron.h(623): warning C4305: 'argument' : truncation from 'double' to 'float'
     1>c:\users\devaux matthieu\desktop\photo\photo\icosahedron.h(624): warning C4305: 'argument' : truncation from 'double' to 'float'
     1>c:\users\devaux matthieu\desktop\photo\photo\icosahedron.h(625): warning C4305: 'argument' : truncation from 'double' to 'float'
     1>c:\users\devaux matthieu\desktop\photo\photo\icosahedron.h(626): warning C4305: 'argument' : truncation from 'double' to 'float'
     1>c:\users\devaux matthieu\desktop\photo\photo\icosahedron.h(627): warning C4305: 'argument' : truncation from 'double' to 'float'
     1>c:\users\devaux matthieu\desktop\photo\photo\icosahedron.h(628): warning C4305: 'argument' : truncation from 'double' to 'float'
     1>c:\users\devaux matthieu\desktop\photo\photo\icosahedron.h(629): warning C4305: 'argument' : truncation from 'double' to 'float'
     1>c:\users\devaux matthieu\desktop\photo\photo\icosahedron.h(630): warning C4305: 'argument' : truncation from 'double' to 'float'
     1>c:\users\devaux matthieu\desktop\photo\photo\icosahedron.h(631): warning C4305: 'argument' : truncation from 'double' to 'float'
     1>c:\users\devaux matthieu\desktop\photo\photo\icosahedron.h(632): warning C4305: 'argument' : truncation from 'double' to 'float'
     1>c:\users\devaux matthieu\desktop\photo\photo\icosahedron.h(634): warning C4305: 'argument' : truncation from 'double' to 'float'
     1>c:\users\devaux matthieu\desktop\photo\photo\icosahedron.h(635): warning C4305: 'argument' : truncation from 'double' to 'float'
     1>c:\users\devaux matthieu\desktop\photo\photo\icosahedron.h(636): warning C4305: 'argument' : truncation from 'double' to 'float'
     1>c:\users\devaux matthieu\desktop\photo\photo\icosahedron.h(637): warning C4305: 'argument' : truncation from 'double' to 'float'
     1>c:\users\devaux matthieu\desktop\photo\photo\icosahedron.h(638): warning C4305: 'argument' : truncation from 'double' to 'float'
     1>c:\users\devaux matthieu\desktop\photo\photo\icosahedron.h(639): warning C4305: 'argument' : truncation from 'double' to 'float'
     1>c:\users\devaux matthieu\desktop\photo\photo\icosahedron.h(640): warning C4305: 'argument' : truncation from 'double' to 'float'
     1>c:\users\devaux matthieu\desktop\photo\photo\icosahedron.h(641): warning C4305: 'argument' : truncation from 'double' to 'float'
     1>c:\users\devaux matthieu\desktop\photo\photo\icosahedron.h(642): warning C4305: 'argument' : truncation from 'double' to 'float'
     1>c:\users\devaux matthieu\desktop\photo\photo\icosahedron.h(643): warning C4305: 'argument' : truncation from 'double' to 'float'
     1>c:\users\devaux matthieu\desktop\photo\photo\icosahedron.h(644): warning C4305: 'argument' : truncation from 'double' to 'float'
     1>c:\users\devaux matthieu\desktop\photo\photo\icosahedron.h(645): warning C4305: 'argument' : truncation from 'double' to 'float'
     1>c:\users\devaux matthieu\desktop\photo\photo\icosahedron.h(646): warning C4305: 'argument' : truncation from 'double' to 'float'
     1>c:\users\devaux matthieu\desktop\photo\photo\icosahedron.h(647): warning C4305: 'argument' : truncation from 'double' to 'float'
     1>c:\users\devaux matthieu\desktop\photo\photo\photo.cpp(61): warning C4101: 'y' : unreferenced local variable
     1>c:\users\devaux matthieu\desktop\photo\photo\photo.cpp(61): warning C4101: 'x' : unreferenced local variable
     1>c:\users\devaux matthieu\desktop\photo\photo\photo.cpp(61): warning C4101: 'z' : unreferenced local variable
     1>c:\users\devaux matthieu\desktop\photo\photo\photo.cpp(93): warning C4244: 'argument' : conversion from 'double' to 'float', possible loss of data
     1>c:\users\devaux matthieu\desktop\photo\photo\photo.cpp(89): warning C4101: 'test' : unreferenced local variable
     1>c:\users\devaux matthieu\desktop\photo\photo\photo.cpp(108): warning C4244: 'argument' : conversion from 'double' to 'float', possible loss of data
     1>c:\users\devaux matthieu\desktop\photo\photo\photo.cpp(104): warning C4101: 'test' : unreferenced local variable
     1>c:\users\devaux matthieu\desktop\photo\photo\photo.cpp(121): warning C4244: 'argument' : conversion from 'double' to 'float', possible loss of data
     1>c:\users\devaux matthieu\desktop\photo\photo\photo.cpp(124): warning C4244: '=' : conversion from 'double' to 'int', possible loss of data
     1>c:\users\devaux matthieu\desktop\photo\photo\photo.cpp(147): warning C4018: '<' : signed/unsigned mismatch
     1>c:\users\devaux matthieu\desktop\photo\photo\photo.cpp(177): warning C4018: '<' : signed/unsigned mismatch
     1>c:\users\devaux matthieu\desktop\photo\photo\photo.cpp(196): warning C4018: '<' : signed/unsigned mismatch
     1>c:\users\devaux matthieu\desktop\photo\photo\photo.cpp(205): warning C4018: '<' : signed/unsigned mismatch
     1>c:\users\devaux matthieu\desktop\photo\photo\photo.cpp(242): warning C4018: '<' : signed/unsigned mismatch
     1>c:\users\devaux matthieu\desktop\photo\photo\photo.cpp(251): warning C4018: '<' : signed/unsigned mismatch
     1>c:\users\devaux matthieu\desktop\photo\photo\photo.cpp(261): warning C4018: '<' : signed/unsigned mismatch
     1>c:\users\devaux matthieu\desktop\photo\photo\photo.cpp(266): warning C4018: '<' : signed/unsigned mismatch
     1>c:\users\devaux matthieu\desktop\photo\photo\photo.cpp(270): warning C4244: 'argument' : conversion from 'double' to 'unsigned int', possible loss of data
     1>c:\users\devaux matthieu\desktop\photo\photo\photo.cpp(271): warning C4244: 'initializing' : conversion from 'double' to 'size_t', possible loss of data
     1>c:\users\devaux matthieu\desktop\photo\photo\photo.cpp(271): warning C4018: '<' : signed/unsigned mismatch
     1>c:\users\devaux matthieu\desktop\photo\photo\photo.cpp(281): warning C4018: '<' : signed/unsigned mismatch
     1>c:\users\devaux matthieu\desktop\photo\photo\photo.cpp(294): warning C4018: '<' : signed/unsigned mismatch
     1>c:\users\devaux matthieu\desktop\photo\photo\photo.cpp(383): warning C4018: '<' : signed/unsigned mismatch
     1>c:\users\devaux matthieu\desktop\photo\photo\photo.cpp(386): warning C4018: '<' : signed/unsigned mismatch
     1>c:\users\devaux matthieu\desktop\photo\photo\photo.cpp(393): warning C4018: '<' : signed/unsigned mismatch
     1>c:\users\devaux matthieu\desktop\photo\photo\photo.cpp(403): warning C4018: '<' : signed/unsigned mismatch
     1>c:\users\devaux matthieu\desktop\photo\photo\photo.cpp(422): warning C4018: '<' : signed/unsigned mismatch
     1>c:\users\devaux matthieu\desktop\photo\photo\photo.cpp(437): warning C4244: 'initializing' : conversion from 'double' to 'int', possible loss of data
     1>c:\users\devaux matthieu\desktop\photo\photo\photo.cpp(441): warning C4244: '=' : conversion from 'double' to 'int', possible loss of data
     1>c:\users\devaux matthieu\desktop\photo\photo\photo.cpp(448): warning C4244: 'argument' : conversion from 'double' to 'float', possible loss of data
       Link:
         C:\Program Files (x86)\Microsoft Visual Studio 12.0\VC\bin\link.exe /ERRORREPORT:PROMPT /OUT:"C:\Users\Devaux Matthieu\Desktop\photo\Debug\photo.exe" /INCREMENTAL /NOLOGO kernel32.lib user32.lib gdi32.lib winspool.lib comdlg32.lib advapi32.lib shell32.lib ole32.lib oleaut32.lib uuid.lib odbc32.lib odbccp32.lib /MANIFEST /MANIFESTUAC:"level='asInvoker' uiAccess='false'" /manifest:embed /DEBUG /PDB:"C:\Users\Devaux Matthieu\Desktop\photo\Debug\photo.pdb" /SUBSYSTEM:CONSOLE /TLBID:1 /DYNAMICBASE /NXCOMPAT /IMPLIB:"C:\Users\Devaux Matthieu\Desktop\photo\Debug\photo.lib" /MACHINE:X86 Debug\Bitmap.obj
         Debug\photo.obj
         Debug\stdafx.obj
         Debug\svdcmp.obj
         photo.vcxproj -> C:\Users\Devaux Matthieu\Desktop\photo\Debug\photo.exe
     1>Done Building Project "C:\Users\Devaux Matthieu\Desktop\photo\photo\photo.vcxproj" (Build target(s)).

Build succeeded.

Time Elapsed 00:00:01.56
